INFO:root:Дата и время вызова функции: 2025-04-11 21:52:21.884424.
INFO:root:Название функции: hello_world.
INFO:root:Позиционные аргументы: (), именованные: {}.
INFO:root:Возвращаемое значение: Hello World.
INFO:root:
INFO:root:Дата и время вызова функции: 2025-04-11 21:52:21.884424.
INFO:root:Название функции: summator.
INFO:root:Позиционные аргументы: (2, 2), именованные: {}.
INFO:root:Возвращаемое значение: 4.
INFO:root:
INFO:root:Дата и время вызова функции: 2025-04-11 21:52:21.885789.
INFO:root:Название функции: div.
INFO:root:Позиционные аргументы: (6, 2), именованные: {}.
INFO:root:Возвращаемое значение: 3.0.
INFO:root:
INFO:root:Дата и время вызова функции: 2025-04-11 21:52:21.891684.
INFO:root:Название функции: summator.
INFO:root:Позиционные аргументы: (4.3,), именованные: {'b': 2.2}.
INFO:root:Возвращаемое значение: 6.5.
INFO:root:
INFO:root:Дата и время вызова функции: 2025-04-11 21:52:21.893193.
INFO:root:Название функции: summator.
INFO:root:Позиционные аргументы: (), именованные: {'a': 0, 'b': 0}.
INFO:root:Возвращаемое значение: 0.
INFO:root:
